2017-08-24 17:55:52,191 [ INFO ] FrameworkServlet 'spitter': initialization started
2017-08-24 17:55:52,196 [ INFO ] Refreshing WebApplicationContext for namespace 'spitter-servlet': startup date [Thu Aug 24 17:55:52 CST 2017]; parent: Root WebApplicationContext
2017-08-24 17:55:52,197 [ INFO ] Loading XML bean definitions from ServletContext resource [/WEB-INF/spitter-servlet.xml]
2017-08-24 17:55:52,262 [ INFO ] JSR-330 'javax.inject.Inject' annotation found and supported for autowiring
2017-08-24 17:55:52,279 [ INFO ] Mapped "{[/register],methods=[],params=[],headers=[],consumes=[],produces=[],custom=[]}" onto public java.lang.String mvc.HomeController.showRegisterPage(org.springframework.ui.Model)
2017-08-24 17:55:52,280 [ INFO ] Mapped "{[/ || /home],methods=[],params=[],headers=[],consumes=[],produces=[],custom=[]}" onto public java.lang.String mvc.HomeController.showHomePage(java.util.Map<java.lang.String, java.lang.Object>)
2017-08-24 17:55:52,280 [ INFO ] Mapped "{[/404],methods=[],params=[],headers=[],consumes=[],produces=[],custom=[]}" onto public java.lang.String mvc.HomeController.showPageNotFound()
2017-08-24 17:55:52,280 [ INFO ] Mapped "{[/accessdenied],methods=[],params=[],headers=[],consumes=[],produces=[],custom=[]}" onto public java.lang.String mvc.HomeController.showAccessDeniedPage()
2017-08-24 17:55:52,280 [ INFO ] Mapped "{[/login],methods=[],params=[],headers=[],consumes=[],produces=[],custom=[]}" onto public java.lang.String mvc.HomeController.showLoginPage()
2017-08-24 17:55:52,281 [ INFO ] Mapped "{[/admin],methods=[],params=[],headers=[],consumes=[],produces=[],custom=[]}" onto public java.lang.String mvc.HomeController.showAdminPage()
2017-08-24 17:55:52,281 [ INFO ] Mapped "{[/upload],methods=[POST],params=[],headers=[],consumes=[],produces=[],custom=[]}" onto public java.lang.String mvc.HomeController.add(java.lang.String,org.springframework.web.multipart.MultipartFile,javax.servlet.http.HttpServletRequest) throws java.io.IOException
2017-08-24 17:55:52,282 [ INFO ] Mapped "{[/spitters/{username}/spittles],methods=[GET],params=[],headers=[],consumes=[],produces=[],custom=[]}" onto public java.lang.String mvc.SpitterController.listSpittlesForSpitter(java.lang.String,java.util.Map<java.lang.String, java.lang.Object>,org.springframework.ui.Model)
2017-08-24 17:55:52,282 [ INFO ] Mapped "{[/spitters/{username}/edit],methods=[GET],params=[],headers=[],consumes=[],produces=[],custom=[]}" onto public java.lang.String mvc.SpitterController.editSpitterProfie(java.lang.String,org.springframework.ui.Model)
2017-08-24 17:55:52,283 [ INFO ] Mapped "{[/spitters/{username}/update],methods=[POST],params=[],headers=[],consumes=[],produces=[],custom=[]}" onto public java.lang.String mvc.SpitterController.updateSpitterInformation(model.Spitter,org.springframework.validation.BindingResult,org.springframework.web.multipart.MultipartFile,javax.servlet.http.HttpServletRequest)
2017-08-24 17:55:52,283 [ INFO ] Mapped "{[/spitters/{username}/profiles],methods=[GET],params=[],headers=[],consumes=[],produces=[],custom=[]}" onto public java.lang.String mvc.SpitterController.showSpitterProfile(java.lang.String,java.util.Map<java.lang.String, java.lang.Object>)
2017-08-24 17:55:52,283 [ INFO ] Mapped "{[/spitters/{username}/arts],methods=[GET],params=[],headers=[],consumes=[],produces=[],custom=[]}" onto public java.lang.String mvc.SpitterController.showSpitterArts(java.lang.String,java.util.Map<java.lang.String, java.lang.Object>)
2017-08-24 17:55:52,284 [ INFO ] Mapped "{[/spitters/{username}/addProfiles}],methods=[GET],params=[],headers=[],consumes=[],produces=[],custom=[]}" onto public java.lang.String mvc.SpitterController.createSpitterProfile(org.springframework.ui.Model)
2017-08-24 17:55:52,284 [ INFO ] Mapped "{[/spitters/adds],methods=[POST],params=[],headers=[],consumes=[],produces=[],custom=[]}" onto public java.lang.String mvc.SpitterController.addSpitterFromForm(model.Spitter,org.springframework.validation.BindingResult,org.springframework.web.multipart.MultipartFile,javax.servlet.http.HttpServletRequest)
2017-08-24 17:55:52,285 [ INFO ] Mapped "{[/spittles/{spittleid}],methods=[],params=[],headers=[],consumes=[],produces=[],custom=[]}" onto public java.lang.String mvc.SpittleController.deleteSpittle(java.lang.Integer)
2017-08-24 17:55:52,285 [ INFO ] Mapped "{[/spittles/adds],methods=[POST],params=[],headers=[],consumes=[],produces=[],custom=[]}" onto public java.lang.String mvc.SpittleController.addSpittle(model.Spittle)
2017-08-24 17:55:52,556 [ INFO ] Refreshing org.springframework.context.support.ClassPathXmlApplicationContext@580f0880: startup date [Thu Aug 24 17:55:52 CST 2017]; root of context hierarchy
2017-08-24 17:55:52,558 [ INFO ] Loading XML bean definitions from class path resource [spitter-mybatis.xml]
2017-08-24 17:55:52,630 [ INFO ] JSR-330 'javax.inject.Inject' annotation found and supported for autowiring
2017-08-24 17:55:52,663 [ INFO ] Loaded JDBC driver: org.gjt.mm.mysql.Driver
2017-08-24 17:55:53,158 [ WARN ] No supported matching language for locale "main". Using jndi:/localhost/spitter/WEB-INF/views/views_main.xml as a non-localized resource path. see TILES-571
2017-08-24 17:55:53,158 [ WARN ] No supported matching language for locale "spittle". Using jndi:/localhost/spitter/WEB-INF/views/spittles/views_spittle.xml as a non-localized resource path. see TILES-571
2017-08-24 17:55:53,159 [ WARN ] No supported matching language for locale "spitter". Using jndi:/localhost/spitter/WEB-INF/views/spitters/views_spitter.xml as a non-localized resource path. see TILES-571
2017-08-24 17:55:53,171 [ INFO ] Found JSP 2.1 ExpressionFactory
2017-08-24 17:55:53,188 [ INFO ] Publishing TilesContext for context: org.springframework.web.servlet.view.tiles3.SpringWildcardServletTilesApplicationContext
2017-08-24 17:55:53,253 [ INFO ] FrameworkServlet 'spitter': initialization completed in 1062 ms
2017-08-24 17:55:53,289 [ WARN ] No supported matching language for locale "main". Using jndi:/localhost/spitter/WEB-INF/views/views_main.xml as a non-localized resource path. see TILES-571
2017-08-24 17:55:53,304 [ WARN ] No supported matching language for locale "spittle". Using jndi:/localhost/spitter/WEB-INF/views/spittles/views_spittle.xml as a non-localized resource path. see TILES-571
2017-08-24 17:55:53,308 [ WARN ] No supported matching language for locale "spitter". Using jndi:/localhost/spitter/WEB-INF/views/spitters/views_spitter.xml as a non-localized resource path. see TILES-571
2017-08-24 17:55:53,312 [ WARN ] No supported matching language for locale "main_zh". Using jndi:/localhost/spitter/WEB-INF/views/views_main_zh.xml as a non-localized resource path. see TILES-571
2017-08-24 17:55:53,312 [ WARN ] No supported matching language for locale "spittle_zh". Using jndi:/localhost/spitter/WEB-INF/views/spittles/views_spittle_zh.xml as a non-localized resource path. see TILES-571
2017-08-24 17:55:53,313 [ WARN ] No supported matching language for locale "spitter_zh". Using jndi:/localhost/spitter/WEB-INF/views/spitters/views_spitter_zh.xml as a non-localized resource path. see TILES-571
2017-08-24 17:55:53,313 [ WARN ] No supported matching language for locale "main_zh_CN". Using jndi:/localhost/spitter/WEB-INF/views/views_main_zh_CN.xml as a non-localized resource path. see TILES-571
2017-08-24 17:55:53,313 [ WARN ] No supported matching language for locale "spittle_zh_CN". Using jndi:/localhost/spitter/WEB-INF/views/spittles/views_spittle_zh_CN.xml as a non-localized resource path. see TILES-571
2017-08-24 17:55:53,313 [ WARN ] No supported matching language for locale "spitter_zh_CN". Using jndi:/localhost/spitter/WEB-INF/views/spitters/views_spitter_zh_CN.xml as a non-localized resource path. see TILES-571
2017-08-24 17:57:04,849 [ WARN ] Skipping URI variable 'username' since the request contains a bind value with the same name.
2017-08-24 17:58:52,326 [ WARN ] Skipping URI variable 'username' since the request contains a bind value with the same name.
2017-08-24 17:59:23,102 [ WARN ] Skipping URI variable 'username' since the request contains a bind value with the same name.
2017-08-24 18:00:10,660 [ WARN ] Skipping URI variable 'username' since the request contains a bind value with the same name.
2017-08-24 18:00:43,032 [ WARN ] Skipping URI variable 'username' since the request contains a bind value with the same name.
2017-08-24 18:01:12,900 [ WARN ] Skipping URI variable 'username' since the request contains a bind value with the same name.
2017-08-24 18:01:41,024 [ WARN ] Skipping URI variable 'username' since the request contains a bind value with the same name.
2017-08-24 18:02:42,314 [ WARN ] Skipping URI variable 'username' since the request contains a bind value with the same name.
2017-08-24 18:03:15,217 [ WARN ] Skipping URI variable 'username' since the request contains a bind value with the same name.
2017-08-24 18:03:39,320 [ WARN ] Skipping URI variable 'username' since the request contains a bind value with the same name.
2017-08-24 18:04:11,390 [ WARN ] Skipping URI variable 'username' since the request contains a bind value with the same name.
2017-08-24 18:04:36,628 [ WARN ] Skipping URI variable 'username' since the request contains a bind value with the same name.
2017-08-24 18:04:59,933 [ WARN ] Skipping URI variable 'username' since the request contains a bind value with the same name.
2017-08-24 18:05:29,562 [ WARN ] Skipping URI variable 'username' since the request contains a bind value with the same name.
2017-08-24 18:06:11,324 [ WARN ] Skipping URI variable 'username' since the request contains a bind value with the same name.
2017-08-24 18:06:35,083 [ WARN ] Skipping URI variable 'username' since the request contains a bind value with the same name.
2017-08-24 18:07:00,557 [ WARN ] Skipping URI variable 'username' since the request contains a bind value with the same name.
2017-08-24 18:07:22,260 [ WARN ] Skipping URI variable 'username' since the request contains a bind value with the same name.
2017-08-24 18:08:03,625 [ WARN ] Skipping URI variable 'username' since the request contains a bind value with the same name.
2017-08-24 18:08:31,091 [ WARN ] Skipping URI variable 'username' since the request contains a bind value with the same name.
2017-08-24 18:08:58,046 [ WARN ] Skipping URI variable 'username' since the request contains a bind value with the same name.
2017-08-24 18:09:20,959 [ WARN ] Skipping URI variable 'username' since the request contains a bind value with the same name.
2017-08-24 18:10:00,552 [ WARN ] Skipping URI variable 'username' since the request contains a bind value with the same name.
2017-08-24 18:10:26,922 [ WARN ] Skipping URI variable 'username' since the request contains a bind value with the same name.
2017-08-24 18:10:50,810 [ WARN ] Skipping URI variable 'username' since the request contains a bind value with the same name.
2017-08-24 18:11:19,546 [ WARN ] Skipping URI variable 'username' since the request contains a bind value with the same name.
2017-08-24 18:11:43,239 [ WARN ] Skipping URI variable 'username' since the request contains a bind value with the same name.
2017-08-24 18:12:09,868 [ WARN ] Skipping URI variable 'username' since the request contains a bind value with the same name.
2017-08-24 18:12:31,875 [ WARN ] Skipping URI variable 'username' since the request contains a bind value with the same name.
2017-08-24 18:13:00,323 [ WARN ] Skipping URI variable 'username' since the request contains a bind value with the same name.
2017-08-24 18:13:39,077 [ INFO ] Closing WebApplicationContext for namespace 'spitter-servlet': startup date [Thu Aug 24 17:55:52 CST 2017]; parent: Root WebApplicationContext
2017-08-24 18:13:39,081 [ INFO ] Removing TilesContext for context: org.springframework.web.servlet.view.tiles3.SpringWildcardServletTilesApplicationContext
2017-08-24 21:03:39,830 [ INFO ] FrameworkServlet 'spitter': initialization started
2017-08-24 21:03:39,837 [ INFO ] Refreshing WebApplicationContext for namespace 'spitter-servlet': startup date [Thu Aug 24 21:03:39 CST 2017]; parent: Root WebApplicationContext
2017-08-24 21:03:39,839 [ INFO ] Loading XML bean definitions from ServletContext resource [/WEB-INF/spitter-servlet.xml]
2017-08-24 21:03:39,936 [ INFO ] JSR-330 'javax.inject.Inject' annotation found and supported for autowiring
2017-08-24 21:03:39,954 [ INFO ] Mapped "{[/register],methods=[],params=[],headers=[],consumes=[],produces=[],custom=[]}" onto public java.lang.String mvc.HomeController.showRegisterPage(org.springframework.ui.Model)
2017-08-24 21:03:39,954 [ INFO ] Mapped "{[/ || /home],methods=[],params=[],headers=[],consumes=[],produces=[],custom=[]}" onto public java.lang.String mvc.HomeController.showHomePage(java.util.Map<java.lang.String, java.lang.Object>)
2017-08-24 21:03:39,954 [ INFO ] Mapped "{[/404],methods=[],params=[],headers=[],consumes=[],produces=[],custom=[]}" onto public java.lang.String mvc.HomeController.showPageNotFound()
2017-08-24 21:03:39,954 [ INFO ] Mapped "{[/accessdenied],methods=[],params=[],headers=[],consumes=[],produces=[],custom=[]}" onto public java.lang.String mvc.HomeController.showAccessDeniedPage()
2017-08-24 21:03:39,955 [ INFO ] Mapped "{[/login],methods=[],params=[],headers=[],consumes=[],produces=[],custom=[]}" onto public java.lang.String mvc.HomeController.showLoginPage()
2017-08-24 21:03:39,955 [ INFO ] Mapped "{[/admin],methods=[],params=[],headers=[],consumes=[],produces=[],custom=[]}" onto public java.lang.String mvc.HomeController.showAdminPage()
2017-08-24 21:03:39,955 [ INFO ] Mapped "{[/upload],methods=[POST],params=[],headers=[],consumes=[],produces=[],custom=[]}" onto public java.lang.String mvc.HomeController.add(java.lang.String,org.springframework.web.multipart.MultipartFile,javax.servlet.http.HttpServletRequest) throws java.io.IOException
2017-08-24 21:03:39,956 [ INFO ] Mapped "{[/spitters/{username}/spittles],methods=[GET],params=[],headers=[],consumes=[],produces=[],custom=[]}" onto public java.lang.String mvc.SpitterController.listSpittlesForSpitter(java.lang.String,java.util.Map<java.lang.String, java.lang.Object>,org.springframework.ui.Model)
2017-08-24 21:03:39,957 [ INFO ] Mapped "{[/spitters/{username}/edit],methods=[GET],params=[],headers=[],consumes=[],produces=[],custom=[]}" onto public java.lang.String mvc.SpitterController.editSpitterProfie(java.lang.String,org.springframework.ui.Model)
2017-08-24 21:03:39,957 [ INFO ] Mapped "{[/spitters/{username}/update],methods=[POST],params=[],headers=[],consumes=[],produces=[],custom=[]}" onto public java.lang.String mvc.SpitterController.updateSpitterInformation(model.Spitter,org.springframework.validation.BindingResult,org.springframework.web.multipart.MultipartFile,javax.servlet.http.HttpServletRequest)
2017-08-24 21:03:39,957 [ INFO ] Mapped "{[/spitters/{username}/profiles],methods=[GET],params=[],headers=[],consumes=[],produces=[],custom=[]}" onto public java.lang.String mvc.SpitterController.showSpitterProfile(java.lang.String,java.util.Map<java.lang.String, java.lang.Object>)
2017-08-24 21:03:39,957 [ INFO ] Mapped "{[/spitters/{username}/arts],methods=[GET],params=[],headers=[],consumes=[],produces=[],custom=[]}" onto public java.lang.String mvc.SpitterController.showSpitterArts(java.lang.String,java.util.Map<java.lang.String, java.lang.Object>)
2017-08-24 21:03:39,958 [ INFO ] Mapped "{[/spitters/{username}/addProfiles}],methods=[GET],params=[],headers=[],consumes=[],produces=[],custom=[]}" onto public java.lang.String mvc.SpitterController.createSpitterProfile(org.springframework.ui.Model)
2017-08-24 21:03:39,958 [ INFO ] Mapped "{[/spitters/adds],methods=[POST],params=[],headers=[],consumes=[],produces=[],custom=[]}" onto public java.lang.String mvc.SpitterController.addSpitterFromForm(model.Spitter,org.springframework.validation.BindingResult,org.springframework.web.multipart.MultipartFile,javax.servlet.http.HttpServletRequest)
2017-08-24 21:03:39,958 [ INFO ] Mapped "{[/spittles/{spittleid}],methods=[],params=[],headers=[],consumes=[],produces=[],custom=[]}" onto public java.lang.String mvc.SpittleController.deleteSpittle(java.lang.Integer)
2017-08-24 21:03:39,958 [ INFO ] Mapped "{[/spittles/adds],methods=[POST],params=[],headers=[],consumes=[],produces=[],custom=[]}" onto public java.lang.String mvc.SpittleController.addSpittle(model.Spittle)
2017-08-24 21:03:40,236 [ INFO ] Refreshing org.springframework.context.support.ClassPathXmlApplicationContext@577f963b: startup date [Thu Aug 24 21:03:40 CST 2017]; root of context hierarchy
2017-08-24 21:03:40,237 [ INFO ] Loading XML bean definitions from class path resource [spitter-mybatis.xml]
2017-08-24 21:03:40,342 [ INFO ] JSR-330 'javax.inject.Inject' annotation found and supported for autowiring
2017-08-24 21:03:40,375 [ INFO ] Loaded JDBC driver: org.gjt.mm.mysql.Driver
2017-08-24 21:03:41,112 [ WARN ] No supported matching language for locale "main". Using jndi:/localhost/spitter/WEB-INF/views/views_main.xml as a non-localized resource path. see TILES-571
2017-08-24 21:03:41,129 [ WARN ] No supported matching language for locale "spittle". Using jndi:/localhost/spitter/WEB-INF/views/spittles/views_spittle.xml as a non-localized resource path. see TILES-571
2017-08-24 21:03:41,135 [ WARN ] No supported matching language for locale "spitter". Using jndi:/localhost/spitter/WEB-INF/views/spitters/views_spitter.xml as a non-localized resource path. see TILES-571
2017-08-24 21:03:41,145 [ INFO ] Found JSP 2.1 ExpressionFactory
2017-08-24 21:03:41,159 [ INFO ] Publishing TilesContext for context: org.springframework.web.servlet.view.tiles3.SpringWildcardServletTilesApplicationContext
2017-08-24 21:03:41,210 [ INFO ] FrameworkServlet 'spitter': initialization completed in 1380 ms
2017-08-24 21:03:41,250 [ WARN ] No supported matching language for locale "main". Using jndi:/localhost/spitter/WEB-INF/views/views_main.xml as a non-localized resource path. see TILES-571
2017-08-24 21:03:41,262 [ WARN ] No supported matching language for locale "spittle". Using jndi:/localhost/spitter/WEB-INF/views/spittles/views_spittle.xml as a non-localized resource path. see TILES-571
2017-08-24 21:03:41,265 [ WARN ] No supported matching language for locale "spitter". Using jndi:/localhost/spitter/WEB-INF/views/spitters/views_spitter.xml as a non-localized resource path. see TILES-571
2017-08-24 21:03:41,269 [ WARN ] No supported matching language for locale "main_zh". Using jndi:/localhost/spitter/WEB-INF/views/views_main_zh.xml as a non-localized resource path. see TILES-571
2017-08-24 21:03:41,270 [ WARN ] No supported matching language for locale "spittle_zh". Using jndi:/localhost/spitter/WEB-INF/views/spittles/views_spittle_zh.xml as a non-localized resource path. see TILES-571
2017-08-24 21:03:41,270 [ WARN ] No supported matching language for locale "spitter_zh". Using jndi:/localhost/spitter/WEB-INF/views/spitters/views_spitter_zh.xml as a non-localized resource path. see TILES-571
2017-08-24 21:03:41,270 [ WARN ] No supported matching language for locale "main_zh_CN". Using jndi:/localhost/spitter/WEB-INF/views/views_main_zh_CN.xml as a non-localized resource path. see TILES-571
2017-08-24 21:03:41,271 [ WARN ] No supported matching language for locale "spittle_zh_CN". Using jndi:/localhost/spitter/WEB-INF/views/spittles/views_spittle_zh_CN.xml as a non-localized resource path. see TILES-571
2017-08-24 21:03:41,271 [ WARN ] No supported matching language for locale "spitter_zh_CN". Using jndi:/localhost/spitter/WEB-INF/views/spitters/views_spitter_zh_CN.xml as a non-localized resource path. see TILES-571
2017-08-24 21:14:55,072 [ INFO ] Closing WebApplicationContext for namespace 'spitter-servlet': startup date [Thu Aug 24 21:03:39 CST 2017]; parent: Root WebApplicationContext
2017-08-24 21:14:55,080 [ INFO ] Removing TilesContext for context: org.springframework.web.servlet.view.tiles3.SpringWildcardServletTilesApplicationContext
2017-08-24 21:15:09,646 [ INFO ] FrameworkServlet 'spitter': initialization started
2017-08-24 21:15:09,659 [ INFO ] Refreshing WebApplicationContext for namespace 'spitter-servlet': startup date [Thu Aug 24 21:15:09 CST 2017]; parent: Root WebApplicationContext
2017-08-24 21:15:09,660 [ INFO ] Loading XML bean definitions from ServletContext resource [/WEB-INF/spitter-servlet.xml]
2017-08-24 21:15:09,782 [ INFO ] JSR-330 'javax.inject.Inject' annotation found and supported for autowiring
2017-08-24 21:15:09,817 [ INFO ] Mapped "{[/register],methods=[],params=[],headers=[],consumes=[],produces=[],custom=[]}" onto public java.lang.String mvc.HomeController.showRegisterPage(org.springframework.ui.Model)
2017-08-24 21:15:09,818 [ INFO ] Mapped "{[/ || /home],methods=[],params=[],headers=[],consumes=[],produces=[],custom=[]}" onto public java.lang.String mvc.HomeController.showHomePage(java.util.Map<java.lang.String, java.lang.Object>)
2017-08-24 21:15:09,818 [ INFO ] Mapped "{[/404],methods=[],params=[],headers=[],consumes=[],produces=[],custom=[]}" onto public java.lang.String mvc.HomeController.showPageNotFound()
2017-08-24 21:15:09,818 [ INFO ] Mapped "{[/accessdenied],methods=[],params=[],headers=[],consumes=[],produces=[],custom=[]}" onto public java.lang.String mvc.HomeController.showAccessDeniedPage()
2017-08-24 21:15:09,818 [ INFO ] Mapped "{[/login],methods=[],params=[],headers=[],consumes=[],produces=[],custom=[]}" onto public java.lang.String mvc.HomeController.showLoginPage()
2017-08-24 21:15:09,818 [ INFO ] Mapped "{[/admin],methods=[],params=[],headers=[],consumes=[],produces=[],custom=[]}" onto public java.lang.String mvc.HomeController.showAdminPage()
2017-08-24 21:15:09,819 [ INFO ] Mapped "{[/upload],methods=[POST],params=[],headers=[],consumes=[],produces=[],custom=[]}" onto public java.lang.String mvc.HomeController.add(java.lang.String,org.springframework.web.multipart.MultipartFile,javax.servlet.http.HttpServletRequest) throws java.io.IOException
2017-08-24 21:15:09,820 [ INFO ] Mapped "{[/spitters/{username}/spittles],methods=[GET],params=[],headers=[],consumes=[],produces=[],custom=[]}" onto public java.lang.String mvc.SpitterController.listSpittlesForSpitter(java.lang.String,java.util.Map<java.lang.String, java.lang.Object>,org.springframework.ui.Model)
2017-08-24 21:15:09,820 [ INFO ] Mapped "{[/spitters/{username}/edit],methods=[GET],params=[],headers=[],consumes=[],produces=[],custom=[]}" onto public java.lang.String mvc.SpitterController.editSpitterProfie(java.lang.String,org.springframework.ui.Model)
2017-08-24 21:15:09,820 [ INFO ] Mapped "{[/spitters/{username}/update],methods=[POST],params=[],headers=[],consumes=[],produces=[],custom=[]}" onto public java.lang.String mvc.SpitterController.updateSpitterInformation(model.Spitter,org.springframework.validation.BindingResult,org.springframework.web.multipart.MultipartFile,javax.servlet.http.HttpServletRequest)
2017-08-24 21:15:09,821 [ INFO ] Mapped "{[/spitters/{username}/profiles],methods=[GET],params=[],headers=[],consumes=[],produces=[],custom=[]}" onto public java.lang.String mvc.SpitterController.showSpitterProfile(java.lang.String,java.util.Map<java.lang.String, java.lang.Object>)
2017-08-24 21:15:09,821 [ INFO ] Mapped "{[/spitters/{username}/arts],methods=[GET],params=[],headers=[],consumes=[],produces=[],custom=[]}" onto public java.lang.String mvc.SpitterController.showSpitterArts(java.lang.String,java.util.Map<java.lang.String, java.lang.Object>)
2017-08-24 21:15:09,821 [ INFO ] Mapped "{[/spitters/{username}/addProfiles}],methods=[GET],params=[],headers=[],consumes=[],produces=[],custom=[]}" onto public java.lang.String mvc.SpitterController.createSpitterProfile(org.springframework.ui.Model)
2017-08-24 21:15:09,822 [ INFO ] Mapped "{[/spitters/adds],methods=[POST],params=[],headers=[],consumes=[],produces=[],custom=[]}" onto public java.lang.String mvc.SpitterController.addSpitterFromForm(model.Spitter,org.springframework.validation.BindingResult,org.springframework.web.multipart.MultipartFile,javax.servlet.http.HttpServletRequest)
2017-08-24 21:15:09,822 [ INFO ] Mapped "{[/spittles/{spittleid}],methods=[],params=[],headers=[],consumes=[],produces=[],custom=[]}" onto public java.lang.String mvc.SpittleController.deleteSpittle(java.lang.Integer)
2017-08-24 21:15:09,822 [ INFO ] Mapped "{[/spittles/adds],methods=[POST],params=[],headers=[],consumes=[],produces=[],custom=[]}" onto public java.lang.String mvc.SpittleController.addSpittle(model.Spittle)
2017-08-24 21:15:10,074 [ INFO ] Refreshing org.springframework.context.support.ClassPathXmlApplicationContext@44c7ca94: startup date [Thu Aug 24 21:15:10 CST 2017]; root of context hierarchy
2017-08-24 21:15:10,079 [ INFO ] Loading XML bean definitions from class path resource [spitter-mybatis.xml]
2017-08-24 21:15:10,168 [ INFO ] JSR-330 'javax.inject.Inject' annotation found and supported for autowiring
2017-08-24 21:15:10,206 [ INFO ] Loaded JDBC driver: org.gjt.mm.mysql.Driver
2017-08-24 21:15:10,745 [ WARN ] No supported matching language for locale "main". Using jndi:/localhost/spitter/WEB-INF/views/views_main.xml as a non-localized resource path. see TILES-571
2017-08-24 21:15:10,746 [ WARN ] No supported matching language for locale "spittle". Using jndi:/localhost/spitter/WEB-INF/views/spittles/views_spittle.xml as a non-localized resource path. see TILES-571
2017-08-24 21:15:10,746 [ WARN ] No supported matching language for locale "spitter". Using jndi:/localhost/spitter/WEB-INF/views/spitters/views_spitter.xml as a non-localized resource path. see TILES-571
2017-08-24 21:15:10,757 [ INFO ] Found JSP 2.1 ExpressionFactory
2017-08-24 21:15:10,769 [ INFO ] Publishing TilesContext for context: org.springframework.web.servlet.view.tiles3.SpringWildcardServletTilesApplicationContext
2017-08-24 21:15:10,814 [ INFO ] FrameworkServlet 'spitter': initialization completed in 1168 ms
2017-08-24 21:15:10,858 [ WARN ] No supported matching language for locale "main". Using jndi:/localhost/spitter/WEB-INF/views/views_main.xml as a non-localized resource path. see TILES-571
2017-08-24 21:15:10,871 [ WARN ] No supported matching language for locale "spittle". Using jndi:/localhost/spitter/WEB-INF/views/spittles/views_spittle.xml as a non-localized resource path. see TILES-571
2017-08-24 21:15:10,875 [ WARN ] No supported matching language for locale "spitter". Using jndi:/localhost/spitter/WEB-INF/views/spitters/views_spitter.xml as a non-localized resource path. see TILES-571
2017-08-24 21:15:10,879 [ WARN ] No supported matching language for locale "main_zh". Using jndi:/localhost/spitter/WEB-INF/views/views_main_zh.xml as a non-localized resource path. see TILES-571
2017-08-24 21:15:10,880 [ WARN ] No supported matching language for locale "spittle_zh". Using jndi:/localhost/spitter/WEB-INF/views/spittles/views_spittle_zh.xml as a non-localized resource path. see TILES-571
2017-08-24 21:15:10,880 [ WARN ] No supported matching language for locale "spitter_zh". Using jndi:/localhost/spitter/WEB-INF/views/spitters/views_spitter_zh.xml as a non-localized resource path. see TILES-571
2017-08-24 21:15:10,880 [ WARN ] No supported matching language for locale "main_zh_CN". Using jndi:/localhost/spitter/WEB-INF/views/views_main_zh_CN.xml as a non-localized resource path. see TILES-571
2017-08-24 21:15:10,880 [ WARN ] No supported matching language for locale "spittle_zh_CN". Using jndi:/localhost/spitter/WEB-INF/views/spittles/views_spittle_zh_CN.xml as a non-localized resource path. see TILES-571
2017-08-24 21:15:10,880 [ WARN ] No supported matching language for locale "spitter_zh_CN". Using jndi:/localhost/spitter/WEB-INF/views/spitters/views_spitter_zh_CN.xml as a non-localized resource path. see TILES-571
2017-08-24 21:15:32,389 [ WARN ] Skipping URI variable 'username' since the request contains a bind value with the same name.
2017-08-24 21:15:51,356 [ WARN ] Skipping URI variable 'username' since the request contains a bind value with the same name.
