2017-09-07 00:25:58,662 [ INFO ] FrameworkServlet 'spitter': initialization started
2017-09-07 00:25:58,680 [ INFO ] Refreshing WebApplicationContext for namespace 'spitter-servlet': startup date [Thu Sep 07 00:25:58 CST 2017]; parent: Root WebApplicationContext
2017-09-07 00:25:58,690 [ INFO ] Loading XML bean definitions from ServletContext resource [/WEB-INF/spitter-servlet.xml]
2017-09-07 00:25:58,832 [ INFO ] JSR-330 'javax.inject.Inject' annotation found and supported for autowiring
2017-09-07 00:25:58,870 [ INFO ] Mapped "{[/spitters/home/{username}],methods=[GET],params=[],headers=[],consumes=[],produces=[],custom=[]}" onto public java.lang.String mvc.HomeController.showHomePageWithSign(java.lang.String,java.util.Map<java.lang.String, java.lang.Object>,org.springframework.ui.Model)
2017-09-07 00:25:58,871 [ INFO ] Mapped "{[/login],methods=[],params=[],headers=[],consumes=[],produces=[],custom=[]}" onto public java.lang.String mvc.HomeController.showLoginPage()
2017-09-07 00:25:58,871 [ INFO ] Mapped "{[/404],methods=[],params=[],headers=[],consumes=[],produces=[],custom=[]}" onto public java.lang.String mvc.HomeController.showPageNotFound()
2017-09-07 00:25:58,871 [ INFO ] Mapped "{[/register],methods=[],params=[],headers=[],consumes=[],produces=[],custom=[]}" onto public java.lang.String mvc.HomeController.showRegisterPage(org.springframework.ui.Model)
2017-09-07 00:25:58,871 [ INFO ] Mapped "{[/updateComment],methods=[POST],params=[],headers=[],consumes=[],produces=[],custom=[]}" onto public java.lang.String mvc.HomeController.upadte(java.lang.String)
2017-09-07 00:25:58,871 [ INFO ] Mapped "{[/upload],methods=[POST],params=[],headers=[],consumes=[],produces=[],custom=[]}" onto public java.lang.String mvc.HomeController.addProgress(org.springframework.web.multipart.MultipartFile,javax.servlet.http.HttpServletRequest) throws java.io.IOException
2017-09-07 00:25:58,872 [ INFO ] Mapped "{[/admin],methods=[],params=[],headers=[],consumes=[],produces=[],custom=[]}" onto public java.lang.String mvc.HomeController.showAdminPage()
2017-09-07 00:25:58,872 [ INFO ] Mapped "{[/accessdenied],methods=[],params=[],headers=[],consumes=[],produces=[],custom=[]}" onto public java.lang.String mvc.HomeController.showAccessDeniedPage()
2017-09-07 00:25:58,872 [ INFO ] Mapped "{[/ || /home],methods=[],params=[],headers=[],consumes=[],produces=[],custom=[]}" onto public java.lang.String mvc.HomeController.showHomePage(java.util.Map<java.lang.String, java.lang.Object>)
2017-09-07 00:25:58,873 [ INFO ] Mapped "{[/uploadComment],methods=[POST],params=[],headers=[],consumes=[],produces=[],custom=[]}" onto public java.lang.String mvc.HomeController.addComment(java.lang.String,java.lang.String,java.lang.String,javax.servlet.http.HttpServletRequest)
2017-09-07 00:25:58,876 [ INFO ] Mapped "{[/spitters/addNew],methods=[POST],params=[],headers=[],consumes=[],produces=[],custom=[]}" onto public java.lang.String mvc.SpitterController.addSpitterFromForm(model.Spitter,org.springframework.validation.BindingResult,org.springframework.web.multipart.MultipartFile,javax.servlet.http.HttpServletRequest)
2017-09-07 00:25:58,877 [ INFO ] Mapped "{[/spitters/{username}/addProfiles}],methods=[GET],params=[],headers=[],consumes=[],produces=[],custom=[]}" onto public java.lang.String mvc.SpitterController.createSpitterProfile(org.springframework.ui.Model)
2017-09-07 00:25:58,877 [ INFO ] Mapped "{[/spitters/{username}/edit],methods=[GET],params=[],headers=[],consumes=[],produces=[],custom=[]}" onto public java.lang.String mvc.SpitterController.editSpitterProfie(java.lang.String,org.springframework.ui.Model)
2017-09-07 00:25:58,879 [ INFO ] Mapped "{[/spitters/{username}/spittles],methods=[GET],params=[],headers=[],consumes=[],produces=[],custom=[]}" onto public java.lang.String mvc.SpitterController.listSpittlesForSpitter(java.lang.String,java.util.Map<java.lang.String, java.lang.Object>,org.springframework.ui.Model)
2017-09-07 00:25:58,879 [ INFO ] Mapped "{[/spitters/loginin/{username}],methods=[GET],params=[],headers=[],consumes=[],produces=[],custom=[]}" onto public java.lang.String mvc.SpitterController.loginin(java.lang.String,org.springframework.ui.Model)
2017-09-07 00:25:58,880 [ INFO ] Mapped "{[/spitters/{username}/arts],methods=[GET],params=[],headers=[],consumes=[],produces=[],custom=[]}" onto public java.lang.String mvc.SpitterController.showSpitterArts(java.lang.String,org.springframework.ui.Model)
2017-09-07 00:25:58,880 [ INFO ] Mapped "{[/spitters/{username}/profiles],methods=[GET],params=[],headers=[],consumes=[],produces=[],custom=[]}" onto public java.lang.String mvc.SpitterController.showSpitterProfile(java.lang.String,org.springframework.ui.Model)
2017-09-07 00:25:58,889 [ INFO ] Mapped "{[/spitters/{username}/update],methods=[POST],params=[],headers=[],consumes=[],produces=[],custom=[]}" onto public java.lang.String mvc.SpitterController.updateSpitterInformation(model.Spitter,org.springframework.validation.BindingResult,org.springframework.web.multipart.MultipartFile,javax.servlet.http.HttpServletRequest)
2017-09-07 00:25:58,891 [ INFO ] Mapped "{[/spittles/{spittleid}],methods=[],params=[],headers=[],consumes=[],produces=[],custom=[]}" onto public java.lang.String mvc.SpittleController.deleteSpittle(java.lang.Integer)
2017-09-07 00:25:58,891 [ INFO ] Mapped "{[/spittles/adds],methods=[POST],params=[],headers=[],consumes=[],produces=[],custom=[]}" onto public java.lang.String mvc.SpittleController.addSpittle(model.Spittle)
2017-09-07 00:25:59,418 [ INFO ] Refreshing org.springframework.context.support.ClassPathXmlApplicationContext@7fd4b7d6: startup date [Thu Sep 07 00:25:59 CST 2017]; root of context hierarchy
2017-09-07 00:25:59,421 [ INFO ] Loading XML bean definitions from class path resource [spitter-mybatis.xml]
2017-09-07 00:25:59,558 [ INFO ] JSR-330 'javax.inject.Inject' annotation found and supported for autowiring
2017-09-07 00:25:59,652 [ INFO ] Loaded JDBC driver: org.gjt.mm.mysql.Driver
2017-09-07 00:26:00,683 [ WARN ] No supported matching language for locale "main". Using jndi:/localhost/spitter/WEB-INF/views/views_main.xml as a non-localized resource path. see TILES-571
2017-09-07 00:26:00,698 [ WARN ] No supported matching language for locale "spittle". Using jndi:/localhost/spitter/WEB-INF/views/spittles/views_spittle.xml as a non-localized resource path. see TILES-571
2017-09-07 00:26:00,702 [ WARN ] No supported matching language for locale "spitter". Using jndi:/localhost/spitter/WEB-INF/views/spitters/views_spitter.xml as a non-localized resource path. see TILES-571
2017-09-07 00:26:00,743 [ INFO ] Found JSP 2.1 ExpressionFactory
2017-09-07 00:26:00,765 [ INFO ] Publishing TilesContext for context: org.springframework.web.servlet.view.tiles3.SpringWildcardServletTilesApplicationContext
2017-09-07 00:26:00,893 [ INFO ] FrameworkServlet 'spitter': initialization completed in 2228 ms
2017-09-07 00:26:00,981 [ WARN ] No supported matching language for locale "main". Using jndi:/localhost/spitter/WEB-INF/views/views_main.xml as a non-localized resource path. see TILES-571
2017-09-07 00:26:00,999 [ WARN ] No supported matching language for locale "spittle". Using jndi:/localhost/spitter/WEB-INF/views/spittles/views_spittle.xml as a non-localized resource path. see TILES-571
2017-09-07 00:26:01,003 [ WARN ] No supported matching language for locale "spitter". Using jndi:/localhost/spitter/WEB-INF/views/spitters/views_spitter.xml as a non-localized resource path. see TILES-571
2017-09-07 00:26:01,012 [ WARN ] No supported matching language for locale "main_zh". Using jndi:/localhost/spitter/WEB-INF/views/views_main_zh.xml as a non-localized resource path. see TILES-571
2017-09-07 00:26:01,013 [ WARN ] No supported matching language for locale "spittle_zh". Using jndi:/localhost/spitter/WEB-INF/views/spittles/views_spittle_zh.xml as a non-localized resource path. see TILES-571
2017-09-07 00:26:01,013 [ WARN ] No supported matching language for locale "spitter_zh". Using jndi:/localhost/spitter/WEB-INF/views/spitters/views_spitter_zh.xml as a non-localized resource path. see TILES-571
2017-09-07 00:26:01,013 [ WARN ] No supported matching language for locale "main_zh_CN". Using jndi:/localhost/spitter/WEB-INF/views/views_main_zh_CN.xml as a non-localized resource path. see TILES-571
2017-09-07 00:26:01,014 [ WARN ] No supported matching language for locale "spittle_zh_CN". Using jndi:/localhost/spitter/WEB-INF/views/spittles/views_spittle_zh_CN.xml as a non-localized resource path. see TILES-571
2017-09-07 00:26:01,014 [ WARN ] No supported matching language for locale "spitter_zh_CN". Using jndi:/localhost/spitter/WEB-INF/views/spitters/views_spitter_zh_CN.xml as a non-localized resource path. see TILES-571
2017-09-07 00:26:38,467 [ INFO ] Loading XML bean definitions from class path resource [org/springframework/jdbc/support/sql-error-codes.xml]
2017-09-07 00:26:38,491 [ INFO ] SQLErrorCodes loaded: [DB2, Derby, H2, HSQL, Informix, MS-SQL, MySQL, Oracle, PostgreSQL, Sybase]
